2026-07-17 19:44:49.623 +08:00 [ERR] Error while deleting customer
System.Data.SqlClient.SqlException (0x80131904): The DELETE statement conflicted with the REFERENCE constraint "FK__reservati__custo__412EB0B6". The conflict occurred in database "HotelManagementDB", table "dbo.reservations", column 'customer_id'.
The statement has been terminated.
   at System.Data.SqlClient.SqlConnection.OnError(SqlException exception, Boolean breakConnection, Action`1 wrapCloseInAction)
   at System.Data.SqlClient.SqlInternalConnection.OnError(SqlException exception, Boolean breakConnection, Action`1 wrapCloseInAction)
   at System.Data.SqlClient.TdsParser.ThrowExceptionAndWarning(TdsParserStateObject stateObj, Boolean callerHasConnectionLock, Boolean asyncClose)
   at System.Data.SqlClient.TdsParser.TryRun(RunBehavior runBehavior, SqlCommand cmdHandler, SqlDataReader dataStream, BulkCopySimpleResultSet bulkCopyHandler, TdsParserStateObject stateObj, Boolean& dataReady)
   at System.Data.SqlClient.SqlCommand.FinishExecuteReader(SqlDataReader ds, RunBehavior runBehavior, String resetOptionsString, Boolean isInternal, Boolean forDescribeParameterEncryption, Boolean shouldCacheForAlwaysEncrypted)
   at System.Data.SqlClient.SqlCommand.RunExecuteReaderTds(CommandBehavior cmdBehavior, RunBehavior runBehavior, Boolean returnStream, Boolean async, Int32 timeout, Task& task, Boolean asyncWrite, Boolean inRetry, SqlDataReader ds, Boolean describeParameterEncryptionRequest)
   at System.Data.SqlClient.SqlCommand.RunExecuteReader(CommandBehavior cmdBehavior, RunBehavior runBehavior, Boolean returnStream, String method, TaskCompletionSource`1 completion, Int32 timeout, Task& task, Boolean& usedCache, Boolean asyncWrite, Boolean inRetry)
   at System.Data.SqlClient.SqlCommand.InternalExecuteNonQuery(TaskCompletionSource`1 completion, String methodName, Boolean sendToPipe, Int32 timeout, Boolean& usedCache, Boolean asyncWrite, Boolean inRetry)
   at System.Data.SqlClient.SqlCommand.ExecuteNonQuery()
   at HMS_DataAccess.clsDataAccessHelper.ExecuteNonQuery(String query, SqlParameter[] parameters) in C:\Users\Zaid\Downloads\Projects\MyProjects\MyCV\Projects_Course_5\Projects_C_5\HMS\HMS_DataAccess\clsDataAccessHelper.cs:line 47
   at HMS_DataAccess.ClsCustomersData.DeleteCusomterById(Int32 customerId) in C:\Users\Zaid\Downloads\Projects\MyProjects\MyCV\Projects_Course_5\Projects_C_5\HMS\HMS_DataAccess\ClsCustomersData.cs:line 144
   at HMS_Buisness.ClsCustomers.DeleteCusomterById(Int32 customer_id, Int32 PersonID) in C:\Users\Zaid\Downloads\Projects\MyProjects\MyCV\Projects_Course_5\Projects_C_5\HMS\HMS_Buisness\ClsCustomers.cs:line 108
   at HMS.Customers.FrmCustomersMangement.deleteToolStripMenuItem_Click(Object sender, EventArgs e) in C:\Users\Zaid\Downloads\Projects\MyProjects\MyCV\Projects_Course_5\Projects_C_5\HMS\HMS\Customers\FrmCustomersMangement.cs:line 336
ClientConnectionId:175ecf0b-d3a5-422a-9113-54b1bb65ce2e
Error Number:547,State:0,Class:16
2026-07-17 19:44:56.122 +08:00 [ERR] Error while deleting customer
System.Data.SqlClient.SqlException (0x80131904): The DELETE statement conflicted with the REFERENCE constraint "FK__reservati__custo__412EB0B6". The conflict occurred in database "HotelManagementDB", table "dbo.reservations", column 'customer_id'.
The statement has been terminated.
   at System.Data.SqlClient.SqlConnection.OnError(SqlException exception, Boolean breakConnection, Action`1 wrapCloseInAction)
   at System.Data.SqlClient.SqlInternalConnection.OnError(SqlException exception, Boolean breakConnection, Action`1 wrapCloseInAction)
   at System.Data.SqlClient.TdsParser.ThrowExceptionAndWarning(TdsParserStateObject stateObj, Boolean callerHasConnectionLock, Boolean asyncClose)
   at System.Data.SqlClient.TdsParser.TryRun(RunBehavior runBehavior, SqlCommand cmdHandler, SqlDataReader dataStream, BulkCopySimpleResultSet bulkCopyHandler, TdsParserStateObject stateObj, Boolean& dataReady)
   at System.Data.SqlClient.SqlCommand.FinishExecuteReader(SqlDataReader ds, RunBehavior runBehavior, String resetOptionsString, Boolean isInternal, Boolean forDescribeParameterEncryption, Boolean shouldCacheForAlwaysEncrypted)
   at System.Data.SqlClient.SqlCommand.RunExecuteReaderTds(CommandBehavior cmdBehavior, RunBehavior runBehavior, Boolean returnStream, Boolean async, Int32 timeout, Task& task, Boolean asyncWrite, Boolean inRetry, SqlDataReader ds, Boolean describeParameterEncryptionRequest)
   at System.Data.SqlClient.SqlCommand.RunExecuteReader(CommandBehavior cmdBehavior, RunBehavior runBehavior, Boolean returnStream, String method, TaskCompletionSource`1 completion, Int32 timeout, Task& task, Boolean& usedCache, Boolean asyncWrite, Boolean inRetry)
   at System.Data.SqlClient.SqlCommand.InternalExecuteNonQuery(TaskCompletionSource`1 completion, String methodName, Boolean sendToPipe, Int32 timeout, Boolean& usedCache, Boolean asyncWrite, Boolean inRetry)
   at System.Data.SqlClient.SqlCommand.ExecuteNonQuery()
   at HMS_DataAccess.clsDataAccessHelper.ExecuteNonQuery(String query, SqlParameter[] parameters) in C:\Users\Zaid\Downloads\Projects\MyProjects\MyCV\Projects_Course_5\Projects_C_5\HMS\HMS_DataAccess\clsDataAccessHelper.cs:line 47
   at HMS_DataAccess.ClsCustomersData.DeleteCusomterById(Int32 customerId) in C:\Users\Zaid\Downloads\Projects\MyProjects\MyCV\Projects_Course_5\Projects_C_5\HMS\HMS_DataAccess\ClsCustomersData.cs:line 144
   at HMS_Buisness.ClsCustomers.DeleteCusomterById(Int32 customer_id, Int32 PersonID) in C:\Users\Zaid\Downloads\Projects\MyProjects\MyCV\Projects_Course_5\Projects_C_5\HMS\HMS_Buisness\ClsCustomers.cs:line 108
   at HMS.Customers.FrmCustomersMangement.deleteToolStripMenuItem_Click(Object sender, EventArgs e) in C:\Users\Zaid\Downloads\Projects\MyProjects\MyCV\Projects_Course_5\Projects_C_5\HMS\HMS\Customers\FrmCustomersMangement.cs:line 336
ClientConnectionId:175ecf0b-d3a5-422a-9113-54b1bb65ce2e
Error Number:547,State:0,Class:16
2026-07-17 19:45:00.596 +08:00 [ERR] Error while deleting customer
System.Data.SqlClient.SqlException (0x80131904): The DELETE statement conflicted with the REFERENCE constraint "FK__reservati__custo__412EB0B6". The conflict occurred in database "HotelManagementDB", table "dbo.reservations", column 'customer_id'.
The statement has been terminated.
   at System.Data.SqlClient.SqlConnection.OnError(SqlException exception, Boolean breakConnection, Action`1 wrapCloseInAction)
   at System.Data.SqlClient.SqlInternalConnection.OnError(SqlException exception, Boolean breakConnection, Action`1 wrapCloseInAction)
   at System.Data.SqlClient.TdsParser.ThrowExceptionAndWarning(TdsParserStateObject stateObj, Boolean callerHasConnectionLock, Boolean asyncClose)
   at System.Data.SqlClient.TdsParser.TryRun(RunBehavior runBehavior, SqlCommand cmdHandler, SqlDataReader dataStream, BulkCopySimpleResultSet bulkCopyHandler, TdsParserStateObject stateObj, Boolean& dataReady)
   at System.Data.SqlClient.SqlCommand.FinishExecuteReader(SqlDataReader ds, RunBehavior runBehavior, String resetOptionsString, Boolean isInternal, Boolean forDescribeParameterEncryption, Boolean shouldCacheForAlwaysEncrypted)
   at System.Data.SqlClient.SqlCommand.RunExecuteReaderTds(CommandBehavior cmdBehavior, RunBehavior runBehavior, Boolean returnStream, Boolean async, Int32 timeout, Task& task, Boolean asyncWrite, Boolean inRetry, SqlDataReader ds, Boolean describeParameterEncryptionRequest)
   at System.Data.SqlClient.SqlCommand.RunExecuteReader(CommandBehavior cmdBehavior, RunBehavior runBehavior, Boolean returnStream, String method, TaskCompletionSource`1 completion, Int32 timeout, Task& task, Boolean& usedCache, Boolean asyncWrite, Boolean inRetry)
   at System.Data.SqlClient.SqlCommand.InternalExecuteNonQuery(TaskCompletionSource`1 completion, String methodName, Boolean sendToPipe, Int32 timeout, Boolean& usedCache, Boolean asyncWrite, Boolean inRetry)
   at System.Data.SqlClient.SqlCommand.ExecuteNonQuery()
   at HMS_DataAccess.clsDataAccessHelper.ExecuteNonQuery(String query, SqlParameter[] parameters) in C:\Users\Zaid\Downloads\Projects\MyProjects\MyCV\Projects_Course_5\Projects_C_5\HMS\HMS_DataAccess\clsDataAccessHelper.cs:line 47
   at HMS_DataAccess.ClsCustomersData.DeleteCusomterById(Int32 customerId) in C:\Users\Zaid\Downloads\Projects\MyProjects\MyCV\Projects_Course_5\Projects_C_5\HMS\HMS_DataAccess\ClsCustomersData.cs:line 144
   at HMS_Buisness.ClsCustomers.DeleteCusomterById(Int32 customer_id, Int32 PersonID) in C:\Users\Zaid\Downloads\Projects\MyProjects\MyCV\Projects_Course_5\Projects_C_5\HMS\HMS_Buisness\ClsCustomers.cs:line 108
   at HMS.Customers.FrmCustomersMangement.deleteToolStripMenuItem_Click(Object sender, EventArgs e) in C:\Users\Zaid\Downloads\Projects\MyProjects\MyCV\Projects_Course_5\Projects_C_5\HMS\HMS\Customers\FrmCustomersMangement.cs:line 336
ClientConnectionId:175ecf0b-d3a5-422a-9113-54b1bb65ce2e
Error Number:547,State:0,Class:16
2026-07-17 19:47:12.604 +08:00 [INF] Customer marked as inactive. Customer ID: 2
2026-07-17 23:09:54.276 +08:00 [INF] User logged in successfully. Username: Zaid
2026-07-17 23:13:17.179 +08:00 [INF] User logged in successfully. Username: Zaid
2026-07-17 23:13:19.952 +08:00 [WRN] GetAllCustomers returned null in FrmCustomersMangement_Load
2026-07-17 23:13:26.393 +08:00 [WRN] GetAllCustomers returned null in FrmCustomersMangement_Load
2026-07-17 23:15:23.247 +08:00 [ERR] Error while applying customer filters. Filter column: phone
System.NullReferenceException: Object reference not set to an instance of an object.
   at HMS.Customers.FrmCustomersMangement._ApplyFilters(String filterColumn) in C:\Users\Zaid\Downloads\Projects\MyProjects\MyCV\Projects_Course_5\Projects_C_5\HMS\HMS\Customers\FrmCustomersMangement.cs:line 156
2026-07-17 23:20:38.996 +08:00 [INF] User logged in successfully. Username: Zaid
2026-07-17 23:20:45.819 +08:00 [WRN] GetAllCustomers returned null in FrmCustomersMangement_Load
2026-07-17 23:20:48.808 +08:00 [ERR] Error during login. Username: Zaid
System.ObjectDisposedException: Cannot access a disposed object.
Object name: 'FrmServicesBookingManagment'.
   at System.Windows.Forms.Control.CreateHandle()
   at System.Windows.Forms.Form.CreateHandle()
   at System.Windows.Forms.Control.get_Handle()
   at System.Windows.Forms.Form.ShowDialog(IWin32Window owner)
   at System.Windows.Forms.Form.ShowDialog()
   at HMS.Mainform.ServiceBooking_Click(Object sender, EventArgs e) in C:\Users\Zaid\Downloads\Projects\MyProjects\MyCV\Projects_Course_5\Projects_C_5\HMS\HMS\Mainform.cs:line 121
   at System.Windows.Forms.Control.OnClick(EventArgs e)
   at System.Windows.Forms.Button.OnClick(EventArgs e)
   at System.Windows.Forms.Button.OnMouseUp(MouseEventArgs mevent)
   at System.Windows.Forms.Control.WmMouseUp(Message& m, MouseButtons button, Int32 clicks)
   at System.Windows.Forms.Control.WndProc(Message& m)
   at System.Windows.Forms.ButtonBase.WndProc(Message& m)
   at System.Windows.Forms.Button.WndProc(Message& m)
   at System.Windows.Forms.Control.ControlNativeWindow.OnMessage(Message& m)
   at System.Windows.Forms.Control.ControlNativeWindow.WndProc(Message& m)
   at System.Windows.Forms.NativeWindow.DebuggableCallback(IntPtr hWnd, Int32 msg, IntPtr wparam, IntPtr lparam)
   at System.Windows.Forms.UnsafeNativeMethods.DispatchMessageW(MSG& msg)
   at System.Windows.Forms.Application.ComponentManager.System.Windows.Forms.UnsafeNativeMethods.IMsoComponentManager.FPushMessageLoop(IntPtr dwComponentID, Int32 reason, Int32 pvLoopData)
   at System.Windows.Forms.Application.ThreadContext.RunMessageLoopInner(Int32 reason, ApplicationContext context)
   at System.Windows.Forms.Application.ThreadContext.RunMessageLoop(Int32 reason, ApplicationContext context)
   at System.Windows.Forms.Application.RunDialog(Form form)
   at System.Windows.Forms.Form.ShowDialog(IWin32Window owner)
   at System.Windows.Forms.Form.ShowDialog()
   at HMS.Login.FrmLogin.btnSignIn_Click(Object sender, EventArgs e) in C:\Users\Zaid\Downloads\Projects\MyProjects\MyCV\Projects_Course_5\Projects_C_5\HMS\HMS\Login\FrmLogin.cs:line 84
2026-07-17 23:20:54.099 +08:00 [INF] User logged in successfully. Username: Zaid
2026-07-17 23:20:56.817 +08:00 [ERR] Error during login. Username: Zaid
System.ObjectDisposedException: Cannot access a disposed object.
Object name: 'FrmServicesBookingManagment'.
   at System.Windows.Forms.Control.CreateHandle()
   at System.Windows.Forms.Form.CreateHandle()
   at System.Windows.Forms.Control.get_Handle()
   at System.Windows.Forms.Form.ShowDialog(IWin32Window owner)
   at System.Windows.Forms.Form.ShowDialog()
   at HMS.Mainform.ServiceBooking_Click(Object sender, EventArgs e) in C:\Users\Zaid\Downloads\Projects\MyProjects\MyCV\Projects_Course_5\Projects_C_5\HMS\HMS\Mainform.cs:line 121
   at System.Windows.Forms.Control.OnClick(EventArgs e)
   at System.Windows.Forms.Button.OnClick(EventArgs e)
   at System.Windows.Forms.Button.OnMouseUp(MouseEventArgs mevent)
   at System.Windows.Forms.Control.WmMouseUp(Message& m, MouseButtons button, Int32 clicks)
   at System.Windows.Forms.Control.WndProc(Message& m)
   at System.Windows.Forms.ButtonBase.WndProc(Message& m)
   at System.Windows.Forms.Button.WndProc(Message& m)
   at System.Windows.Forms.Control.ControlNativeWindow.OnMessage(Message& m)
   at System.Windows.Forms.Control.ControlNativeWindow.WndProc(Message& m)
   at System.Windows.Forms.NativeWindow.DebuggableCallback(IntPtr hWnd, Int32 msg, IntPtr wparam, IntPtr lparam)
   at System.Windows.Forms.UnsafeNativeMethods.DispatchMessageW(MSG& msg)
   at System.Windows.Forms.Application.ComponentManager.System.Windows.Forms.UnsafeNativeMethods.IMsoComponentManager.FPushMessageLoop(IntPtr dwComponentID, Int32 reason, Int32 pvLoopData)
   at System.Windows.Forms.Application.ThreadContext.RunMessageLoopInner(Int32 reason, ApplicationContext context)
   at System.Windows.Forms.Application.ThreadContext.RunMessageLoop(Int32 reason, ApplicationContext context)
   at System.Windows.Forms.Application.RunDialog(Form form)
   at System.Windows.Forms.Form.ShowDialog(IWin32Window owner)
   at System.Windows.Forms.Form.ShowDialog()
   at HMS.Login.FrmLogin.btnSignIn_Click(Object sender, EventArgs e) in C:\Users\Zaid\Downloads\Projects\MyProjects\MyCV\Projects_Course_5\Projects_C_5\HMS\HMS\Login\FrmLogin.cs:line 84
2026-07-17 23:21:45.350 +08:00 [INF] User logged in successfully. Username: Zaid
2026-07-17 23:21:47.793 +08:00 [ERR] Error during login. Username: Zaid
System.ObjectDisposedException: Cannot access a disposed object.
Object name: 'FrmServicesBookingManagment'.
   at System.Windows.Forms.Control.CreateHandle()
   at System.Windows.Forms.Form.CreateHandle()
   at System.Windows.Forms.Control.get_Handle()
   at System.Windows.Forms.Form.ShowDialog(IWin32Window owner)
   at System.Windows.Forms.Form.ShowDialog()
   at HMS.Mainform.ServiceBooking_Click(Object sender, EventArgs e) in C:\Users\Zaid\Downloads\Projects\MyProjects\MyCV\Projects_Course_5\Projects_C_5\HMS\HMS\Mainform.cs:line 121
   at System.Windows.Forms.Control.OnClick(EventArgs e)
   at System.Windows.Forms.Button.OnClick(EventArgs e)
   at System.Windows.Forms.Button.OnMouseUp(MouseEventArgs mevent)
   at System.Windows.Forms.Control.WmMouseUp(Message& m, MouseButtons button, Int32 clicks)
   at System.Windows.Forms.Control.WndProc(Message& m)
   at System.Windows.Forms.ButtonBase.WndProc(Message& m)
   at System.Windows.Forms.Button.WndProc(Message& m)
   at System.Windows.Forms.Control.ControlNativeWindow.OnMessage(Message& m)
   at System.Windows.Forms.Control.ControlNativeWindow.WndProc(Message& m)
   at System.Windows.Forms.NativeWindow.DebuggableCallback(IntPtr hWnd, Int32 msg, IntPtr wparam, IntPtr lparam)
   at System.Windows.Forms.UnsafeNativeMethods.DispatchMessageW(MSG& msg)
   at System.Windows.Forms.Application.ComponentManager.System.Windows.Forms.UnsafeNativeMethods.IMsoComponentManager.FPushMessageLoop(IntPtr dwComponentID, Int32 reason, Int32 pvLoopData)
   at System.Windows.Forms.Application.ThreadContext.RunMessageLoopInner(Int32 reason, ApplicationContext context)
   at System.Windows.Forms.Application.ThreadContext.RunMessageLoop(Int32 reason, ApplicationContext context)
   at System.Windows.Forms.Application.RunDialog(Form form)
   at System.Windows.Forms.Form.ShowDialog(IWin32Window owner)
   at System.Windows.Forms.Form.ShowDialog()
   at HMS.Login.FrmLogin.btnSignIn_Click(Object sender, EventArgs e) in C:\Users\Zaid\Downloads\Projects\MyProjects\MyCV\Projects_Course_5\Projects_C_5\HMS\HMS\Login\FrmLogin.cs:line 84
2026-07-17 23:22:06.239 +08:00 [INF] User logged in successfully. Username: Zaid
2026-07-17 23:22:09.535 +08:00 [ERR] Error during login. Username: Zaid
System.ObjectDisposedException: Cannot access a disposed object.
Object name: 'FrmServicesBookingManagment'.
   at System.Windows.Forms.Control.CreateHandle()
   at System.Windows.Forms.Form.CreateHandle()
   at System.Windows.Forms.Control.get_Handle()
   at System.Windows.Forms.Form.ShowDialog(IWin32Window owner)
   at System.Windows.Forms.Form.ShowDialog()
   at HMS.Mainform.ServiceBooking_Click(Object sender, EventArgs e) in C:\Users\Zaid\Downloads\Projects\MyProjects\MyCV\Projects_Course_5\Projects_C_5\HMS\HMS\Mainform.cs:line 121
   at System.Windows.Forms.Control.OnClick(EventArgs e)
   at System.Windows.Forms.Button.OnClick(EventArgs e)
   at System.Windows.Forms.Button.OnMouseUp(MouseEventArgs mevent)
   at System.Windows.Forms.Control.WmMouseUp(Message& m, MouseButtons button, Int32 clicks)
   at System.Windows.Forms.Control.WndProc(Message& m)
   at System.Windows.Forms.ButtonBase.WndProc(Message& m)
   at System.Windows.Forms.Button.WndProc(Message& m)
   at System.Windows.Forms.Control.ControlNativeWindow.OnMessage(Message& m)
   at System.Windows.Forms.Control.ControlNativeWindow.WndProc(Message& m)
   at System.Windows.Forms.NativeWindow.DebuggableCallback(IntPtr hWnd, Int32 msg, IntPtr wparam, IntPtr lparam)
   at System.Windows.Forms.UnsafeNativeMethods.DispatchMessageW(MSG& msg)
   at System.Windows.Forms.Application.ComponentManager.System.Windows.Forms.UnsafeNativeMethods.IMsoComponentManager.FPushMessageLoop(IntPtr dwComponentID, Int32 reason, Int32 pvLoopData)
   at System.Windows.Forms.Application.ThreadContext.RunMessageLoopInner(Int32 reason, ApplicationContext context)
   at System.Windows.Forms.Application.ThreadContext.RunMessageLoop(Int32 reason, ApplicationContext context)
   at System.Windows.Forms.Application.RunDialog(Form form)
   at System.Windows.Forms.Form.ShowDialog(IWin32Window owner)
   at System.Windows.Forms.Form.ShowDialog()
   at HMS.Login.FrmLogin.btnSignIn_Click(Object sender, EventArgs e) in C:\Users\Zaid\Downloads\Projects\MyProjects\MyCV\Projects_Course_5\Projects_C_5\HMS\HMS\Login\FrmLogin.cs:line 84
2026-07-17 23:22:34.149 +08:00 [INF] User logged in successfully. Username: Zaid
2026-07-17 23:22:38.731 +08:00 [ERR] Error during login. Username: Zaid
System.ObjectDisposedException: Cannot access a disposed object.
Object name: 'FrmServicesBookingManagment'.
   at System.Windows.Forms.Control.CreateHandle()
   at System.Windows.Forms.Form.CreateHandle()
   at System.Windows.Forms.Control.get_Handle()
   at System.Windows.Forms.Form.ShowDialog(IWin32Window owner)
   at System.Windows.Forms.Form.ShowDialog()
   at HMS.Mainform.ServiceBooking_Click(Object sender, EventArgs e) in C:\Users\Zaid\Downloads\Projects\MyProjects\MyCV\Projects_Course_5\Projects_C_5\HMS\HMS\Mainform.cs:line 121
   at System.Windows.Forms.Control.OnClick(EventArgs e)
   at System.Windows.Forms.Button.OnClick(EventArgs e)
   at System.Windows.Forms.Button.OnMouseUp(MouseEventArgs mevent)
   at System.Windows.Forms.Control.WmMouseUp(Message& m, MouseButtons button, Int32 clicks)
   at System.Windows.Forms.Control.WndProc(Message& m)
   at System.Windows.Forms.ButtonBase.WndProc(Message& m)
   at System.Windows.Forms.Button.WndProc(Message& m)
   at System.Windows.Forms.Control.ControlNativeWindow.OnMessage(Message& m)
   at System.Windows.Forms.Control.ControlNativeWindow.WndProc(Message& m)
   at System.Windows.Forms.NativeWindow.DebuggableCallback(IntPtr hWnd, Int32 msg, IntPtr wparam, IntPtr lparam)
   at System.Windows.Forms.UnsafeNativeMethods.DispatchMessageW(MSG& msg)
   at System.Windows.Forms.Application.ComponentManager.System.Windows.Forms.UnsafeNativeMethods.IMsoComponentManager.FPushMessageLoop(IntPtr dwComponentID, Int32 reason, Int32 pvLoopData)
   at System.Windows.Forms.Application.ThreadContext.RunMessageLoopInner(Int32 reason, ApplicationContext context)
   at System.Windows.Forms.Application.ThreadContext.RunMessageLoop(Int32 reason, ApplicationContext context)
   at System.Windows.Forms.Application.RunDialog(Form form)
   at System.Windows.Forms.Form.ShowDialog(IWin32Window owner)
   at System.Windows.Forms.Form.ShowDialog()
   at HMS.Login.FrmLogin.btnSignIn_Click(Object sender, EventArgs e) in C:\Users\Zaid\Downloads\Projects\MyProjects\MyCV\Projects_Course_5\Projects_C_5\HMS\HMS\Login\FrmLogin.cs:line 84
2026-07-17 23:24:10.061 +08:00 [INF] User logged in successfully. Username: Zaid
2026-07-17 23:24:12.853 +08:00 [ERR] Error during login. Username: Zaid
System.ObjectDisposedException: Cannot access a disposed object.
Object name: 'FrmServicesBookingManagment'.
   at System.Windows.Forms.Control.CreateHandle()
   at System.Windows.Forms.Form.CreateHandle()
   at System.Windows.Forms.Control.get_Handle()
   at System.Windows.Forms.Form.ShowDialog(IWin32Window owner)
   at System.Windows.Forms.Form.ShowDialog()
   at HMS.Mainform.ServiceBooking_Click(Object sender, EventArgs e) in C:\Users\Zaid\Downloads\Projects\MyProjects\MyCV\Projects_Course_5\Projects_C_5\HMS\HMS\Mainform.cs:line 121
   at System.Windows.Forms.Control.OnClick(EventArgs e)
   at System.Windows.Forms.Button.OnClick(EventArgs e)
   at System.Windows.Forms.Button.OnMouseUp(MouseEventArgs mevent)
   at System.Windows.Forms.Control.WmMouseUp(Message& m, MouseButtons button, Int32 clicks)
   at System.Windows.Forms.Control.WndProc(Message& m)
   at System.Windows.Forms.ButtonBase.WndProc(Message& m)
   at System.Windows.Forms.Button.WndProc(Message& m)
   at System.Windows.Forms.Control.ControlNativeWindow.OnMessage(Message& m)
   at System.Windows.Forms.Control.ControlNativeWindow.WndProc(Message& m)
   at System.Windows.Forms.NativeWindow.DebuggableCallback(IntPtr hWnd, Int32 msg, IntPtr wparam, IntPtr lparam)
   at System.Windows.Forms.UnsafeNativeMethods.DispatchMessageW(MSG& msg)
   at System.Windows.Forms.Application.ComponentManager.System.Windows.Forms.UnsafeNativeMethods.IMsoComponentManager.FPushMessageLoop(IntPtr dwComponentID, Int32 reason, Int32 pvLoopData)
   at System.Windows.Forms.Application.ThreadContext.RunMessageLoopInner(Int32 reason, ApplicationContext context)
   at System.Windows.Forms.Application.ThreadContext.RunMessageLoop(Int32 reason, ApplicationContext context)
   at System.Windows.Forms.Application.RunDialog(Form form)
   at System.Windows.Forms.Form.ShowDialog(IWin32Window owner)
   at System.Windows.Forms.Form.ShowDialog()
   at HMS.Login.FrmLogin.btnSignIn_Click(Object sender, EventArgs e) in C:\Users\Zaid\Downloads\Projects\MyProjects\MyCV\Projects_Course_5\Projects_C_5\HMS\HMS\Login\FrmLogin.cs:line 84
2026-07-17 23:31:35.985 +08:00 [INF] User logged in successfully. Username: Zaid
2026-07-17 23:32:29.107 +08:00 [INF] User logged in successfully. Username: Zaid
2026-07-17 23:32:47.673 +08:00 [INF] User logged in successfully. Username: Zaid
2026-07-17 23:32:50.652 +08:00 [WRN] GetAllCustomers returned null in FrmCustomersMangement_Load
2026-07-17 23:37:56.416 +08:00 [INF] Reservation cancelled successfully.
2026-07-17 23:38:08.010 +08:00 [INF] Reservation saved successfully. Reservation ID: 11
2026-07-17 23:38:12.804 +08:00 [ERR] Error while loading reservation details. Reservation ID: 11
System.InvalidCastException: Object cannot be cast from DBNull to other types.
   at System.DBNull.System.IConvertible.ToDecimal(IFormatProvider provider)
   at System.Convert.ToDecimal(Object value)
   at HMS_DataAccess.ClsServiceBookingsData.GetServicesChargeByReservationId(Int32 reservationId) in C:\Users\Zaid\Downloads\Projects\MyProjects\MyCV\Projects_Course_5\Projects_C_5\HMS\HMS_DataAccess\ClsServiceBookingsData.cs:line 139
   at HMS_Buisness.ClsServiceBookings.GetServicesChargeByReservationId(Int32 reservationId) in C:\Users\Zaid\Downloads\Projects\MyProjects\MyCV\Projects_Course_5\Projects_C_5\HMS\HMS_Buisness\ClsServiceBookings.cs:line 87
   at HMS.reservations.Controls.CtrlReservationOverview._LoadResversationDetails() in C:\Users\Zaid\Downloads\Projects\MyProjects\MyCV\Projects_Course_5\Projects_C_5\HMS\HMS\reservations\Controls\CtrlReservationOverview.cs:line 100
   at HMS.reservations.Controls.CtrlReservationOverview.LoadReservationDetails(Int32 reservationId, EnReservationStatus status) in C:\Users\Zaid\Downloads\Projects\MyProjects\MyCV\Projects_Course_5\Projects_C_5\HMS\HMS\reservations\Controls\CtrlReservationOverview.cs:line 158
